[debug] [2022-03-06T05:46:05.284Z] ----------------------------------------------------------------------
[debug] [2022-03-06T05:46:05.285Z] Command:       /usr/local/bin/node /usr/local/bin/firebase init hosting
[debug] [2022-03-06T05:46:05.285Z] CLI Version:   10.2.2
[debug] [2022-03-06T05:46:05.285Z] Platform:      darwin
[debug] [2022-03-06T05:46:05.285Z] Node Version:  v16.14.0
[debug] [2022-03-06T05:46:05.285Z] Time:          Sun Mar 06 2022 11:16:05 GMT+0530 (India Standard Time)
[debug] [2022-03-06T05:46:05.286Z] ----------------------------------------------------------------------
[debug] 
[debug] [2022-03-06T05:46:05.288Z] > command requires scopes: ["email","openid","https://www.googleapis.com/auth/cloudplatformprojects.readonly","https://www.googleapis.com/auth/firebase","https://www.googleapis.com/auth/cloud-platform"]
[debug] [2022-03-06T05:46:05.288Z] > authorizing via signed-in user (saitejaseemala.2424@gmail.com)
[info] 
     ######## #### ########  ######## ########     ###     ######  ########
     ##        ##  ##     ## ##       ##     ##  ##   ##  ##       ##
     ######    ##  ########  ######   ########  #########  ######  ######
     ##        ##  ##    ##  ##       ##     ## ##     ##       ## ##
     ##       #### ##     ## ######## ########  ##     ##  ######  ########

You're about to initialize a Firebase project in this directory:

  /Users/saiteja/Software Engineering/Projects/React/Gmail Clone/gmail-clone/gmail-clone

[info] 
=== Project Setup
[info] 
[info] First, let's associate this project directory with a Firebase project.
[info] You can create multiple project aliases by running firebase use --add, 
[info] but for now we'll just set up a default project.
[info] 
[debug] [2022-03-06T05:46:07.861Z] >>> [apiv2][query] GET https://firebase.googleapis.com/v1beta1/projects pageSize=100
[debug] [2022-03-06T05:46:08.632Z] <<< [apiv2][status] GET https://firebase.googleapis.com/v1beta1/projects 200
[debug] [2022-03-06T05:46:08.632Z] <<< [apiv2][body] GET https://firebase.googleapis.com/v1beta1/projects [omitted]
[info] i  Using project clone-d9d62 (gmail-clone) 
[info] 
=== Hosting Setup
[info] 
[info] Your public directory is the folder (relative to your project directory) that
[info] will contain Hosting assets to be uploaded with firebase deploy. If you
[info] have a build process for your assets, use your build's output directory.
[info] 
[debug] [2022-03-06T05:46:33.339Z] >>> [apiv2][query] GET https://www.gstatic.com/firebasejs/releases.json [none]
[debug] [2022-03-06T05:46:33.553Z] <<< [apiv2][status] GET https://www.gstatic.com/firebasejs/releases.json 200
[debug] [2022-03-06T05:46:33.553Z] <<< [apiv2][body] GET https://www.gstatic.com/firebasejs/releases.json {"current":{"version":"9.6.8","browserURL":"https://www.gstatic.com/firebasejs/9.6.8/firebase.js","packageURL":"https://www.gstatic.com/firebasejs/9.6.8/firebase.tgz"},"live":{"version":"9.6","browserURL":"https://www.gstatic.com/firebasejs/live/9.6/firebase.js","packageURL":"https://www.gstatic.com/firebasejs/live/9.6/firebase.tgz"},"components":{"analytics":"https://www.gstatic.com/firebasejs/9.6.8/firebase-analytics.js","app":"https://www.gstatic.com/firebasejs/9.6.8/firebase-app.js","app-check":"https://www.gstatic.com/firebasejs/9.6.8/firebase-app-check.js","auth":"https://www.gstatic.com/firebasejs/9.6.8/firebase-auth.js","auth/cordova":"https://www.gstatic.com/firebasejs/9.6.8/firebase-auth/cordova.js","auth/react-native":"https://www.gstatic.com/firebasejs/9.6.8/firebase-auth/react-native.js","functions":"https://www.gstatic.com/firebasejs/9.6.8/firebase-functions.js","firestore":"https://www.gstatic.com/firebasejs/9.6.8/firebase-firestore.js","firestore/lite":"https://www.gstatic.com/firebasejs/9.6.8/firebase-firestore/lite.js","storage":"https://www.gstatic.com/firebasejs/9.6.8/firebase-storage.js","performance":"https://www.gstatic.com/firebasejs/9.6.8/firebase-performance.js","remote-config":"https://www.gstatic.com/firebasejs/9.6.8/firebase-remote-config.js","messaging":"https://www.gstatic.com/firebasejs/9.6.8/firebase-messaging.js","messaging/sw":"https://www.gstatic.com/firebasejs/9.6.8/firebase-messaging/sw.js","database":"https://www.gstatic.com/firebasejs/9.6.8/firebase-database.js","firestore.memory":"https://www.gstatic.com/firebasejs/9.6.8/firebase-firestore.memory.js"}}
[info] ✔  Wrote build/index.html 
[info] 
[info] i  Detected a .git folder at /Users/saiteja/Software Engineering/Projects/React/Gmail Clone/gmail-clone 
[info] i  Authorizing with GitHub to upload your service account to a GitHub repository's secrets store. 
[info] 
[info] Visit this URL on this device to log in:
[info] https://github.com/login/oauth/authorize?client_id=89cf50f02ac6aaed3484&state=761100343&redirect_uri=http%3A%2F%2Flocalhost%3A9005&scope=read%3Auser%20repo%20public_repo
[info] 
[info] Waiting for authentication...
[debug] [2022-03-06T05:46:40.906Z] >>> HTTP REQUEST POST https://github.com/login/oauth/access_token  
 {"client_id":"89cf50f02ac6aaed3484","client_secret":"3330d14abc895d9a74d5f17cd7a00711fa2c5bf0","code":"ddd125fc227751677d1c","redirect_uri":"http://localhost:9005","state":"761100343"}
[debug] [2022-03-06T05:46:41.325Z] <<< HTTP RESPONSE 200 {"server":"GitHub.com","date":"Sun, 06 Mar 2022 05:46:41 GMT","content-type":"application/json; charset=utf-8","transfer-encoding":"chunked","vary":"X-PJAX, X-PJAX-Container, Accept-Encoding, Accept, X-Requested-With","permissions-policy":"interest-cohort=()","etag":"W/\"a81640e836f4ebca8b1859f2c230bf46\"","cache-control":"max-age=0, private, must-revalidate","strict-transport-security":"max-age=31536000; includeSubdomains; preload","x-frame-options":"deny","x-content-type-options":"nosniff","x-xss-protection":"0","referrer-policy":"origin-when-cross-origin, strict-origin-when-cross-origin","expect-ct":"max-age=2592000, report-uri=\"https://api.github.com/_private/browser/errors\"","content-security-policy":"default-src 'none'; base-uri 'self'; block-all-mixed-content; child-src github.com/assets-cdn/worker/ gist.github.com/assets-cdn/worker/; connect-src 'self' uploads.github.com objects-origin.githubusercontent.com www.githubstatus.com collector.githubapp.com collector.github.com api.github.com github-cloud.s3.amazonaws.com github-production-repository-file-5c1aeb.s3.amazonaws.com github-production-upload-manifest-file-7fdce7.s3.amazonaws.com github-production-user-asset-6210df.s3.amazonaws.com cdn.optimizely.com logx.optimizely.com/v1/events translator.github.com wss://alive.github.com; font-src github.githubassets.com; form-action 'self' github.com gist.github.com objects-origin.githubusercontent.com; frame-ancestors 'none'; frame-src render.githubusercontent.com viewscreen.githubusercontent.com notebooks.githubusercontent.com; img-src 'self' data: github.githubassets.com identicons.github.com collector.githubapp.com collector.github.com github-cloud.s3.amazonaws.com secured-user-images.githubusercontent.com/ *.githubusercontent.com; manifest-src 'self'; media-src github.com user-images.githubusercontent.com/; script-src github.githubassets.com; style-src 'unsafe-inline' github.githubassets.com; worker-src github.com/assets-cdn/worker/ gist.github.com/assets-cdn/worker/","x-github-request-id":"D075:26D6:1DAB184:224B419:62244AC1"}
[debug] [2022-03-06T05:46:41.342Z] >>> [apiv2][query] GET https://api.github.com/user [none]
[debug] [2022-03-06T05:46:41.741Z] <<< [apiv2][status] GET https://api.github.com/user 200
[debug] [2022-03-06T05:46:41.741Z] <<< [apiv2][body] GET https://api.github.com/user {"login":"saitejaseemala","id":65392984,"node_id":"MDQ6VXNlcjY1MzkyOTg0","avatar_url":"https://avatars.githubusercontent.com/u/65392984?v=4","gravatar_id":"","url":"https://api.github.com/users/saitejaseemala","html_url":"https://github.com/saitejaseemala","followers_url":"https://api.github.com/users/saitejaseemala/followers","following_url":"https://api.github.com/users/saitejaseemala/following{/other_user}","gists_url":"https://api.github.com/users/saitejaseemala/gists{/gist_id}","starred_url":"https://api.github.com/users/saitejaseemala/starred{/owner}{/repo}","subscriptions_url":"https://api.github.com/users/saitejaseemala/subscriptions","organizations_url":"https://api.github.com/users/saitejaseemala/orgs","repos_url":"https://api.github.com/users/saitejaseemala/repos","events_url":"https://api.github.com/users/saitejaseemala/events{/privacy}","received_events_url":"https://api.github.com/users/saitejaseemala/received_events","type":"User","site_admin":false,"name":"Saiteja ","company":null,"blog":"","location":"Srikakulam,Andhrapradesh","email":null,"hireable":null,"bio":"Highly organized and quick thinking individual who is currently exploring and enhancing his technical knowledge in Front end development","twitter_username":null,"public_repos":16,"public_gists":0,"followers":1,"following":1,"created_at":"2020-05-15T08:29:54Z","updated_at":"2022-02-12T04:11:59Z","private_gists":0,"total_private_repos":0,"owned_private_repos":0,"disk_usage":2889,"collaborators":0,"two_factor_authentication":false,"plan":{"name":"free","space":976562499,"collaborators":0,"private_repos":10000}}
[info] 
[info] ✔  Success! Logged into GitHub as saitejaseemala 
[info] 
[debug] [2022-03-06T05:47:55.100Z] >>> [apiv2][query] GET https://api.github.com/repos//actions/secrets/public-key type=owner
[debug] [2022-03-06T05:47:55.487Z] <<< [apiv2][status] GET https://api.github.com/repos//actions/secrets/public-key 404
[debug] [2022-03-06T05:47:55.487Z] <<< [apiv2][body] GET https://api.github.com/repos//actions/secrets/public-key {"message":"Not Found","documentation_url":"https://docs.github.com/rest"}
[debug] [2022-03-06T05:47:56.117Z] >>> [apiv2][query] GET https://api.github.com/repos//actions/secrets/public-key type=owner
[debug] [2022-03-06T05:47:56.472Z] <<< [apiv2][status] GET https://api.github.com/repos//actions/secrets/public-key 404
[debug] [2022-03-06T05:47:56.473Z] <<< [apiv2][body] GET https://api.github.com/repos//actions/secrets/public-key {"message":"Not Found","documentation_url":"https://docs.github.com/rest"}
[debug] [2022-03-06T05:48:02.865Z] >>> [apiv2][query] GET https://api.github.com/repos/gmail-clone/actions/secrets/public-key type=owner
[debug] [2022-03-06T05:48:03.233Z] <<< [apiv2][status] GET https://api.github.com/repos/gmail-clone/actions/secrets/public-key 404
[debug] [2022-03-06T05:48:03.233Z] <<< [apiv2][body] GET https://api.github.com/repos/gmail-clone/actions/secrets/public-key {"message":"Not Found","documentation_url":"https://docs.github.com/rest"}
[debug] [2022-03-06T05:48:06.211Z] >>> [apiv2][query] GET https://api.github.com/repos/gmail-clone/actions/secrets/public-key type=owner
[debug] [2022-03-06T05:48:06.423Z] >>> [apiv2][query] GET https://api.github.com/repos//actions/secrets/public-key type=owner
[debug] [2022-03-06T05:48:06.578Z] <<< [apiv2][status] GET https://api.github.com/repos/gmail-clone/actions/secrets/public-key 404
[debug] [2022-03-06T05:48:06.579Z] <<< [apiv2][body] GET https://api.github.com/repos/gmail-clone/actions/secrets/public-key {"message":"Not Found","documentation_url":"https://docs.github.com/rest"}
[debug] [2022-03-06T05:48:06.775Z] <<< [apiv2][status] GET https://api.github.com/repos//actions/secrets/public-key 404
[debug] [2022-03-06T05:48:06.775Z] <<< [apiv2][body] GET https://api.github.com/repos//actions/secrets/public-key {"message":"Not Found","documentation_url":"https://docs.github.com/rest"}
[debug] [2022-03-06T05:48:14.020Z] >>> [apiv2][query] GET https://api.github.com/repos/repository/actions/secrets/public-key type=owner
[debug] [2022-03-06T05:48:14.490Z] <<< [apiv2][status] GET https://api.github.com/repos/repository/actions/secrets/public-key 404
[debug] [2022-03-06T05:48:14.491Z] <<< [apiv2][body] GET https://api.github.com/repos/repository/actions/secrets/public-key {"message":"Not Found","documentation_url":"https://docs.github.com/rest"}
[debug] [2022-03-06T05:48:14.696Z] >>> [apiv2][query] GET https://api.github.com/repos/repository/actions/secrets/public-key type=owner
[debug] [2022-03-06T05:48:15.056Z] <<< [apiv2][status] GET https://api.github.com/repos/repository/actions/secrets/public-key 404
[debug] [2022-03-06T05:48:15.057Z] <<< [apiv2][body] GET https://api.github.com/repos/repository/actions/secrets/public-key {"message":"Not Found","documentation_url":"https://docs.github.com/rest"}
[debug] [2022-03-06T05:48:22.755Z] >>> [apiv2][query] GET https://api.github.com/repos/format: repository/actions/secrets/public-key type=owner
[debug] [2022-03-06T05:48:23.120Z] <<< [apiv2][status] GET https://api.github.com/repos/format: repository/actions/secrets/public-key 404
[debug] [2022-03-06T05:48:23.120Z] <<< [apiv2][body] GET https://api.github.com/repos/format: repository/actions/secrets/public-key {"message":"Not Found","documentation_url":"https://docs.github.com/rest"}
